This file contains any messages produced by compilers while
running configure, to aid debugging if configure makes a mistake.

It was created by libblinkstick configure 0.1, which was
generated by GNU Autoconf 2.69.  Invocation command line was

  $ ./configure --no-create --no-recursion

## --------- ##
## Platform. ##
## --------- ##

hostname = Barley.local
uname -m = x86_64
uname -r = 13.0.0
uname -s = Darwin
uname -v = Darwin Kernel Version 13.0.0: Thu Sep 19 22:22:27 PDT 2013; root:xnu-2422.1.72~6/RELEASE_X86_64

/usr/bin/uname -p = i386
/bin/uname -X     = unknown

/bin/arch              = unknown
/usr/bin/arch -k       = unknown
/usr/convex/getsysinfo = unknown
/usr/bin/hostinfo      = Mach kernel version:
	 Darwin Kernel Version 13.0.0: Thu Sep 19 22:22:27 PDT 2013; root:xnu-2422.1.72~6/RELEASE_X86_64
Kernel configured for up to 4 processors.
4 processors are physically available.
4 processors are logically available.
Processor type: i486 (Intel 80486)
Processors active: 0 1 2 3
Primary memory available: 8.00 gigabytes
Default processor set: 239 tasks, 1128 threads, 4 processors
Load average: 1.87, Mach factor: 2.12
/bin/machine           = unknown
/usr/bin/oslevel       = unknown
/bin/universe          = unknown

PATH: /Users/ebenoist/.rvm/gems/ruby-2.0.0-p0/bin
PATH: /Users/ebenoist/.rvm/gems/ruby-2.0.0-p0@global/bin
PATH: /Users/ebenoist/.rvm/rubies/ruby-2.0.0-p0/bin
PATH: /Users/ebenoist/.rvm/bin
PATH: /usr/local/opt/maven/bin
PATH: /Users/ebenoist/.bin
PATH: /usr/local/bin
PATH: /usr/local/sbin
PATH: /usr/bin
PATH: /bin
PATH: /usr/sbin
PATH: /sbin
PATH: /usr/local/bin
PATH: /opt/X11/bin


## ----------- ##
## Core tests. ##
## ----------- ##

configure:2187: checking for a BSD-compatible install
configure:2255: result: /usr/bin/install -c
configure:2266: checking whether build environment is sane
configure:2321: result: yes
configure:2472: checking for a thread-safe mkdir -p
configure:2511: result: ./install-sh -c -d
configure:2518: checking for gawk
configure:2548: result: no
configure:2518: checking for mawk
configure:2548: result: no
configure:2518: checking for nawk
configure:2548: result: no
configure:2518: checking for awk
configure:2534: found /usr/bin/awk
configure:2545: result: awk
configure:2556: checking whether make sets $(MAKE)
configure:2578: result: yes
configure:2607: checking whether make supports nested variables
configure:2624: result: yes
configure:2762: checking for style of include used by make
configure:2790: result: GNU
configure:2861: checking for gcc
configure:2877: found /usr/bin/gcc
configure:2888: result: gcc
configure:3117: checking for C compiler version
configure:3126: gcc --version >&5
Apple LLVM version 5.0 (clang-500.2.79) (based on LLVM 3.3svn)
Target: x86_64-apple-darwin13.0.0
Thread model: posix
Configured with: --prefix=/Applications/Xcode.app/Contents/Developer/usr --with-gxx-include-dir=/usr/include/c++/4.2.1
configure:3137: $? = 0
configure:3126: gcc -v >&5
Configured with: --prefix=/Applications/Xcode.app/Contents/Developer/usr --with-gxx-include-dir=/usr/include/c++/4.2.1
Apple LLVM version 5.0 (clang-500.2.79) (based on LLVM 3.3svn)
Target: x86_64-apple-darwin13.0.0
Thread model: posix
configure:3137: $? = 0
configure:3126: gcc -V >&5
clang: error: argument to '-V' is missing (expected 1 value)
clang: error: no input files
configure:3137: $? = 1
configure:3126: gcc -qversion >&5
clang: error: no input files
configure:3137: $? = 1
configure:3157: checking whether the C compiler works
configure:3179: gcc    conftest.c  >&5
configure:3183: $? = 0
configure:3231: result: yes
configure:3234: checking for C compiler default output file name
configure:3236: result: a.out
configure:3242: checking for suffix of executables
configure:3249: gcc -o conftest    conftest.c  >&5
configure:3253: $? = 0
configure:3275: result: 
configure:3297: checking whether we are cross compiling
configure:3305: gcc -o conftest    conftest.c  >&5
configure:3309: $? = 0
configure:3316: ./conftest
configure:3320: $? = 0
configure:3335: result: no
configure:3340: checking for suffix of object files
configure:3362: gcc -c   conftest.c >&5
configure:3366: $? = 0
configure:3387: result: o
configure:3391: checking whether we are using the GNU C compiler
configure:3410: gcc -c   conftest.c >&5
configure:3410: $? = 0
configure:3419: result: yes
configure:3428: checking whether gcc accepts -g
configure:3448: gcc -c -g  conftest.c >&5
configure:3448: $? = 0
configure:3489: result: yes
configure:3506: checking for gcc option to accept ISO C89
configure:3569: gcc  -c -g -O2  conftest.c >&5
configure:3569: $? = 0
configure:3582: result: none needed
configure:3607: checking whether gcc understands -c and -o together
configure:3629: gcc -c conftest.c -o conftest2.o
configure:3632: $? = 0
configure:3629: gcc -c conftest.c -o conftest2.o
configure:3632: $? = 0
configure:3644: result: yes
configure:3663: checking dependency style of gcc
configure:3774: result: gcc3
configure:3839: checking for ar
configure:3855: found /usr/bin/ar
configure:3866: result: ar
configure:3892: checking the archiver (ar) interface
configure:3908: gcc -c -g -O2  conftest.c >&5
configure:3908: $? = 0
configure:3910: ar cru libconftest.a conftest.o >&5
configure:3913: $? = 0
configure:3941: result: ar
configure:3990: checking build system type
configure:4004: result: x86_64-apple-darwin13.0.0
configure:4024: checking host system type
configure:4037: result: x86_64-apple-darwin13.0.0
configure:4078: checking how to print strings
configure:4105: result: printf
configure:4126: checking for a sed that does not truncate output
configure:4190: result: /usr/bin/sed
configure:4208: checking for grep that handles long lines and -e
configure:4266: result: /usr/bin/grep
configure:4271: checking for egrep
configure:4333: result: /usr/bin/grep -E
configure:4338: checking for fgrep
configure:4400: result: /usr/bin/grep -F
configure:4435: checking for ld used by gcc
configure:4502: result: /Applications/Xcode.app/Contents/Developer/Toolchains/XcodeDefault.xctoolchain/usr/bin/ld
configure:4509: checking if the linker (/Applications/Xcode.app/Contents/Developer/Toolchains/XcodeDefault.xctoolchain/usr/bin/ld) is GNU ld
configure:4524: result: no
configure:4536: checking for BSD- or MS-compatible name lister (nm)
configure:4585: result: /usr/bin/nm
configure:4715: checking the name lister (/usr/bin/nm) interface
configure:4722: gcc -c -g -O2  conftest.c >&5
configure:4725: /usr/bin/nm "conftest.o"
configure:4728: output
0000000000000204 S _some_variable
configure:4735: result: BSD nm
configure:4738: checking whether ln -s works
configure:4742: result: yes
configure:4750: checking the maximum length of command line arguments
configure:4880: result: 196608
configure:4897: checking whether the shell understands some XSI constructs
configure:4907: result: yes
configure:4911: checking whether the shell understands "+="
configure:4917: result: yes
configure:4952: checking how to convert x86_64-apple-darwin13.0.0 file names to x86_64-apple-darwin13.0.0 format
configure:4992: result: func_convert_file_noop
configure:4999: checking how to convert x86_64-apple-darwin13.0.0 file names to toolchain format
configure:5019: result: func_convert_file_noop
configure:5026: checking for /Applications/Xcode.app/Contents/Developer/Toolchains/XcodeDefault.xctoolchain/usr/bin/ld option to reload object files
configure:5033: result: -r
configure:5107: checking for objdump
configure:5137: result: no
configure:5166: checking how to recognize dependent libraries
configure:5368: result: pass_all
configure:5453: checking for dlltool
configure:5483: result: no
configure:5513: checking how to associate runtime and link libraries
configure:5540: result: printf %s\n
configure:5664: checking for archiver @FILE support
configure:5681: gcc -c -g -O2  conftest.c >&5
configure:5681: $? = 0
configure:5684: ar cru libconftest.a @conftest.lst >&5
ar: @conftest.lst: No such file or directory
configure:5687: $? = 1
configure:5707: result: no
configure:5765: checking for strip
configure:5781: found /usr/bin/strip
configure:5792: result: strip
configure:5864: checking for ranlib
configure:5880: found /usr/bin/ranlib
configure:5891: result: ranlib
configure:5993: checking command to parse /usr/bin/nm output from gcc object
configure:6113: gcc -c -g -O2  conftest.c >&5
configure:6116: $? = 0
configure:6120: /usr/bin/nm conftest.o \| sed -n -e 's/^.*[ ]\([BCDEGRST][BCDEGRST]*\)[ ][ ]*\([_A-Za-z][_A-Za-z0-9]*\)$/\1 \2 \2/p' | sed '/ __gnu_lto/d' \> conftest.nm
configure:6123: $? = 0
cannot find nm_test_var in conftest.nm
configure:6113: gcc -c -g -O2  conftest.c >&5
configure:6116: $? = 0
configure:6120: /usr/bin/nm conftest.o \| sed -n -e 's/^.*[ ]\([BCDEGRST][BCDEGRST]*\)[ ][ ]*_\([_A-Za-z][_A-Za-z0-9]*\)$/\1 _\2 \2/p' | sed '/ __gnu_lto/d' \> conftest.nm
configure:6123: $? = 0
configure:6189: gcc -o conftest -g -O2   conftest.c conftstm.o >&5
configure:6192: $? = 0
configure:6230: result: ok
configure:6267: checking for sysroot
configure:6297: result: no
configure:6553: checking for mt
configure:6583: result: no
configure:6603: checking if : is a manifest tool
configure:6609: : '-?'
configure:6617: result: no
configure:6673: checking for dsymutil
configure:6689: found /usr/bin/dsymutil
configure:6700: result: dsymutil
configure:6765: checking for nmedit
configure:6781: found /usr/bin/nmedit
configure:6792: result: nmedit
configure:6857: checking for lipo
configure:6873: found /usr/bin/lipo
configure:6884: result: lipo
configure:6949: checking for otool
configure:6965: found /usr/bin/otool
configure:6976: result: otool
configure:7041: checking for otool64
configure:7071: result: no
configure:7116: checking for -single_module linker flag
gcc -g -O2  -o libconftest.dylib -dynamiclib -Wl,-single_module conftest.c
configure:7149: result: yes
configure:7152: checking for -exported_symbols_list linker flag
configure:7172: gcc -o conftest -g -O2   -Wl,-exported_symbols_list,conftest.sym conftest.c  >&5
configure:7172: $? = 0
configure:7182: result: yes
configure:7185: checking for -force_load linker flag
gcc -g -O2 -c -o conftest.o conftest.c
ar cru libconftest.a conftest.o
ranlib libconftest.a
gcc -g -O2  -o conftest conftest.c -Wl,-force_load,./libconftest.a
configure:7217: result: yes
configure:7259: checking how to run the C preprocessor
configure:7290: gcc -E  conftest.c
configure:7290: $? = 0
configure:7304: gcc -E  conftest.c
conftest.c:11:10: fatal error: 'ac_nonexistent.h' file not found
#include <ac_nonexistent.h>
         ^
1 error generated.
configure:7304: $? = 1
configure: failed program was:
| /* confdefs.h */
| #define PACKAGE_NAME "libblinkstick"
| #define PACKAGE_TARNAME "libblinkstick"
| #define PACKAGE_VERSION "0.1"
| #define PACKAGE_STRING "libblinkstick 0.1"
| #define PACKAGE_BUGREPORT "ebenoist@gmail.com"
| #define PACKAGE_URL ""
| #define PACKAGE "libblinkstick"
| #define VERSION "0.1"
| /* end confdefs.h.  */
| #include <ac_nonexistent.h>
configure:7329: result: gcc -E
configure:7349: gcc -E  conftest.c
configure:7349: $? = 0
configure:7363: gcc -E  conftest.c
conftest.c:11:10: fatal error: 'ac_nonexistent.h' file not found
#include <ac_nonexistent.h>
         ^
1 error generated.
configure:7363: $? = 1
configure: failed program was:
| /* confdefs.h */
| #define PACKAGE_NAME "libblinkstick"
| #define PACKAGE_TARNAME "libblinkstick"
| #define PACKAGE_VERSION "0.1"
| #define PACKAGE_STRING "libblinkstick 0.1"
| #define PACKAGE_BUGREPORT "ebenoist@gmail.com"
| #define PACKAGE_URL ""
| #define PACKAGE "libblinkstick"
| #define VERSION "0.1"
| /* end confdefs.h.  */
| #include <ac_nonexistent.h>
configure:7392: checking for ANSI C header files
configure:7412: gcc -c -g -O2  conftest.c >&5
configure:7412: $? = 0
configure:7485: gcc -o conftest -g -O2   conftest.c  >&5
configure:7485: $? = 0
configure:7485: ./conftest
configure:7485: $? = 0
configure:7496: result: yes
configure:7509: checking for sys/types.h
configure:7509: gcc -c -g -O2  conftest.c >&5
configure:7509: $? = 0
configure:7509: result: yes
configure:7509: checking for sys/stat.h
configure:7509: gcc -c -g -O2  conftest.c >&5
configure:7509: $? = 0
configure:7509: result: yes
configure:7509: checking for stdlib.h
configure:7509: gcc -c -g -O2  conftest.c >&5
configure:7509: $? = 0
configure:7509: result: yes
configure:7509: checking for string.h
configure:7509: gcc -c -g -O2  conftest.c >&5
configure:7509: $? = 0
configure:7509: result: yes
configure:7509: checking for memory.h
configure:7509: gcc -c -g -O2  conftest.c >&5
configure:7509: $? = 0
configure:7509: result: yes
configure:7509: checking for strings.h
configure:7509: gcc -c -g -O2  conftest.c >&5
configure:7509: $? = 0
configure:7509: result: yes
configure:7509: checking for inttypes.h
configure:7509: gcc -c -g -O2  conftest.c >&5
configure:7509: $? = 0
configure:7509: result: yes
configure:7509: checking for stdint.h
configure:7509: gcc -c -g -O2  conftest.c >&5
configure:7509: $? = 0
configure:7509: result: yes
configure:7509: checking for unistd.h
configure:7509: gcc -c -g -O2  conftest.c >&5
configure:7509: $? = 0
configure:7509: result: yes
configure:7523: checking for dlfcn.h
configure:7523: gcc -c -g -O2  conftest.c >&5
configure:7523: $? = 0
configure:7523: result: yes
configure:7729: checking for objdir
configure:7744: result: .libs
configure:8011: checking if gcc supports -fno-rtti -fno-exceptions
configure:8029: gcc -c -g -O2  -fno-rtti -fno-exceptions conftest.c >&5
configure:8033: $? = 0
configure:8046: result: yes
configure:8373: checking for gcc option to produce PIC
configure:8380: result: -fno-common -DPIC
configure:8388: checking if gcc PIC flag -fno-common -DPIC works
configure:8406: gcc -c -g -O2  -fno-common -DPIC -DPIC conftest.c >&5
configure:8410: $? = 0
configure:8423: result: yes
configure:8452: checking if gcc static flag -static works
configure:8480: result: no
configure:8495: checking if gcc supports -c -o file.o
configure:8516: gcc -c -g -O2  -o out/conftest2.o conftest.c >&5
configure:8520: $? = 0
configure:8542: result: yes
configure:8550: checking if gcc supports -c -o file.o
configure:8597: result: yes
configure:8630: checking whether the gcc linker (/Applications/Xcode.app/Contents/Developer/Toolchains/XcodeDefault.xctoolchain/usr/bin/ld) supports shared libraries
configure:9783: result: yes
configure:10023: checking dynamic linker characteristics
configure:10756: result: darwin13.0.0 dyld
configure:10863: checking how to hardcode library paths into programs
configure:10888: result: immediate
configure:11428: checking whether stripping libraries is possible
configure:11442: result: yes
configure:11468: checking if libtool supports shared libraries
configure:11470: result: yes
configure:11473: checking whether to build shared libraries
configure:11494: result: yes
configure:11497: checking whether to build static libraries
configure:11501: result: yes
configure:11586: checking for gcc
configure:11613: result: gcc
configure:11842: checking for C compiler version
configure:11851: gcc --version >&5
Apple LLVM version 5.0 (clang-500.2.79) (based on LLVM 3.3svn)
Target: x86_64-apple-darwin13.0.0
Thread model: posix
Configured with: --prefix=/Applications/Xcode.app/Contents/Developer/usr --with-gxx-include-dir=/usr/include/c++/4.2.1
configure:11862: $? = 0
configure:11851: gcc -v >&5
Configured with: --prefix=/Applications/Xcode.app/Contents/Developer/usr --with-gxx-include-dir=/usr/include/c++/4.2.1
Apple LLVM version 5.0 (clang-500.2.79) (based on LLVM 3.3svn)
Target: x86_64-apple-darwin13.0.0
Thread model: posix
configure:11862: $? = 0
configure:11851: gcc -V >&5
clang: error: argument to '-V' is missing (expected 1 value)
clang: error: no input files
configure:11862: $? = 1
configure:11851: gcc -qversion >&5
clang: error: no input files
configure:11862: $? = 1
configure:11866: checking whether we are using the GNU C compiler
configure:11894: result: yes
configure:11903: checking whether gcc accepts -g
configure:11964: result: yes
configure:11981: checking for gcc option to accept ISO C89
configure:12057: result: none needed
configure:12082: checking whether gcc understands -c and -o together
configure:12119: result: yes
configure:12138: checking dependency style of gcc
configure:12249: result: gcc3
configure:12326: checking for pkg-config
configure:12344: found /usr/local/bin/pkg-config
configure:12356: result: /usr/local/bin/pkg-config
configure:12381: checking pkg-config is at least version 0.9.0
configure:12384: result: yes
configure:12394: checking for LIBUSB
configure:12401: $PKG_CONFIG --exists --print-errors "libusb-1.0 >= 1.0"
configure:12404: $? = 0
configure:12418: $PKG_CONFIG --exists --print-errors "libusb-1.0 >= 1.0"
configure:12421: $? = 0
configure:12479: result: yes
configure:12485: checking for CHECK
configure:12492: $PKG_CONFIG --exists --print-errors "check >= 0.9.10"
configure:12495: $? = 0
configure:12509: $PKG_CONFIG --exists --print-errors "check >= 0.9.10"
configure:12512: $? = 0
configure:12570: result: yes
configure:12725: checking that generated files are newer than configure
configure:12731: result: done
configure:12758: creating ./config.status

## ---------------- ##
## Cache variables. ##
## ---------------- ##

ac_cv_build=x86_64-apple-darwin13.0.0
ac_cv_c_compiler_gnu=yes
ac_cv_env_CC_set=
ac_cv_env_CC_value=
ac_cv_env_CFLAGS_set=
ac_cv_env_CFLAGS_value=
ac_cv_env_CHECK_CFLAGS_set=
ac_cv_env_CHECK_CFLAGS_value=
ac_cv_env_CHECK_LIBS_set=
ac_cv_env_CHECK_LIBS_value=
ac_cv_env_CPPFLAGS_set=
ac_cv_env_CPPFLAGS_value=
ac_cv_env_CPP_set=
ac_cv_env_CPP_value=
ac_cv_env_LDFLAGS_set=
ac_cv_env_LDFLAGS_value=
ac_cv_env_LIBS_set=
ac_cv_env_LIBS_value=
ac_cv_env_LIBUSB_CFLAGS_set=
ac_cv_env_LIBUSB_CFLAGS_value=
ac_cv_env_LIBUSB_LIBS_set=
ac_cv_env_LIBUSB_LIBS_value=
ac_cv_env_PKG_CONFIG_LIBDIR_set=
ac_cv_env_PKG_CONFIG_LIBDIR_value=
ac_cv_env_PKG_CONFIG_PATH_set=
ac_cv_env_PKG_CONFIG_PATH_value=
ac_cv_env_PKG_CONFIG_set=
ac_cv_env_PKG_CONFIG_value=
ac_cv_env_build_alias_set=
ac_cv_env_build_alias_value=
ac_cv_env_host_alias_set=
ac_cv_env_host_alias_value=
ac_cv_env_target_alias_set=
ac_cv_env_target_alias_value=
ac_cv_header_dlfcn_h=yes
ac_cv_header_inttypes_h=yes
ac_cv_header_memory_h=yes
ac_cv_header_stdc=yes
ac_cv_header_stdint_h=yes
ac_cv_header_stdlib_h=yes
ac_cv_header_string_h=yes
ac_cv_header_strings_h=yes
ac_cv_header_sys_stat_h=yes
ac_cv_header_sys_types_h=yes
ac_cv_header_unistd_h=yes
ac_cv_host=x86_64-apple-darwin13.0.0
ac_cv_objext=o
ac_cv_path_EGREP='/usr/bin/grep -E'
ac_cv_path_FGREP='/usr/bin/grep -F'
ac_cv_path_GREP=/usr/bin/grep
ac_cv_path_SED=/usr/bin/sed
ac_cv_path_ac_pt_PKG_CONFIG=/usr/local/bin/pkg-config
ac_cv_path_install='/usr/bin/install -c'
ac_cv_prog_AWK=awk
ac_cv_prog_CPP='gcc -E'
ac_cv_prog_ac_ct_AR=ar
ac_cv_prog_ac_ct_CC=gcc
ac_cv_prog_ac_ct_DSYMUTIL=dsymutil
ac_cv_prog_ac_ct_LIPO=lipo
ac_cv_prog_ac_ct_NMEDIT=nmedit
ac_cv_prog_ac_ct_OTOOL=otool
ac_cv_prog_ac_ct_RANLIB=ranlib
ac_cv_prog_ac_ct_STRIP=strip
ac_cv_prog_cc_c89=
ac_cv_prog_cc_g=yes
ac_cv_prog_make_make_set=yes
am_cv_CC_dependencies_compiler_type=gcc3
am_cv_ar_interface=ar
am_cv_make_support_nested_variables=yes
am_cv_prog_cc_c_o=yes
lt_cv_apple_cc_single_mod=yes
lt_cv_ar_at_file=no
lt_cv_deplibs_check_method=pass_all
lt_cv_file_magic_cmd='$MAGIC_CMD'
lt_cv_file_magic_test_file=
lt_cv_ld_exported_symbols_list=yes
lt_cv_ld_force_load=yes
lt_cv_ld_reload_flag=-r
lt_cv_nm_interface='BSD nm'
lt_cv_objdir=.libs
lt_cv_path_LD=/Applications/Xcode.app/Contents/Developer/Toolchains/XcodeDefault.xctoolchain/usr/bin/ld
lt_cv_path_NM=/usr/bin/nm
lt_cv_path_mainfest_tool=no
lt_cv_prog_compiler_c_o=yes
lt_cv_prog_compiler_pic='-fno-common -DPIC'
lt_cv_prog_compiler_pic_works=yes
lt_cv_prog_compiler_rtti_exceptions=yes
lt_cv_prog_compiler_static_works=no
lt_cv_prog_gnu_ld=no
lt_cv_sharedlib_from_linklib_cmd='printf %s\n'
lt_cv_sys_global_symbol_pipe='sed -n -e '\''s/^.*[	 ]\([BCDEGRST][BCDEGRST]*\)[	 ][	 ]*_\([_A-Za-z][_A-Za-z0-9]*\)$/\1 _\2 \2/p'\'' | sed '\''/ __gnu_lto/d'\'''
lt_cv_sys_global_symbol_to_c_name_address='sed -n -e '\''s/^: \([^ ]*\)[ ]*$/  {\"\1\", (void *) 0},/p'\'' -e '\''s/^[BCDEGRST]* \([^ ]*\) \([^ ]*\)$/  {"\2", (void *) \&\2},/p'\'''
lt_cv_sys_global_symbol_to_c_name_address_lib_prefix='sed -n -e '\''s/^: \([^ ]*\)[ ]*$/  {\"\1\", (void *) 0},/p'\'' -e '\''s/^[BCDEGRST]* \([^ ]*\) \(lib[^ ]*\)$/  {"\2", (void *) \&\2},/p'\'' -e '\''s/^[BCDEGRST]* \([^ ]*\) \([^ ]*\)$/  {"lib\2", (void *) \&\2},/p'\'''
lt_cv_sys_global_symbol_to_cdecl='sed -n -e '\''s/^T .* \(.*\)$/extern int \1();/p'\'' -e '\''s/^[BCDEGRST]* .* \(.*\)$/extern char \1;/p'\'''
lt_cv_sys_max_cmd_len=196608
lt_cv_to_host_file_cmd=func_convert_file_noop
lt_cv_to_tool_file_cmd=func_convert_file_noop
pkg_cv_CHECK_CFLAGS='-D_THREAD_SAFE -I/usr/local/Cellar/check/0.9.11/include '
pkg_cv_CHECK_LIBS='-L/usr/local/Cellar/check/0.9.11/lib -lcheck '
pkg_cv_LIBUSB_CFLAGS='-I/usr/local/Cellar/libusb/1.0.9/include/libusb-1.0 '
pkg_cv_LIBUSB_LIBS='-L/usr/local/Cellar/libusb/1.0.9/lib -lusb-1.0 '

## ----------------- ##
## Output variables. ##
## ----------------- ##

ACLOCAL='${SHELL} /Users/ebenoist/libblinkstick/missing aclocal-1.14'
AMDEPBACKSLASH='\'
AMDEP_FALSE='#'
AMDEP_TRUE=''
AMTAR='$${TAR-tar}'
AM_BACKSLASH='\'
AM_DEFAULT_V='$(AM_DEFAULT_VERBOSITY)'
AM_DEFAULT_VERBOSITY='1'
AM_V='$(V)'
API_VERSION='0.1'
AR='ar'
AUTOCONF='${SHELL} /Users/ebenoist/libblinkstick/missing autoconf'
AUTOHEADER='${SHELL} /Users/ebenoist/libblinkstick/missing autoheader'
AUTOMAKE='${SHELL} /Users/ebenoist/libblinkstick/missing automake-1.14'
AWK='awk'
CC='gcc'
CCDEPMODE='depmode=gcc3'
CFLAGS='-g -O2'
CHECK_CFLAGS='-D_THREAD_SAFE -I/usr/local/Cellar/check/0.9.11/include '
CHECK_LIBS='-L/usr/local/Cellar/check/0.9.11/lib -lcheck '
CPP='gcc -E'
CPPFLAGS=''
CYGPATH_W='echo'
DEFS='-DPACKAGE_NAME=\"libblinkstick\" -DPACKAGE_TARNAME=\"libblinkstick\" -DPACKAGE_VERSION=\"0.1\" -DPACKAGE_STRING=\"libblinkstick\ 0.1\" -DPACKAGE_BUGREPORT=\"ebenoist@gmail.com\" -DPACKAGE_URL=\"\" -DPACKAGE=\"libblinkstick\" -DVERSION=\"0.1\" -DSTDC_HEADERS=1 -DHAVE_SYS_TYPES_H=1 -DHAVE_SYS_STAT_H=1 -DHAVE_STDLIB_H=1 -DHAVE_STRING_H=1 -DHAVE_MEMORY_H=1 -DHAVE_STRINGS_H=1 -DHAVE_INTTYPES_H=1 -DHAVE_STDINT_H=1 -DHAVE_UNISTD_H=1 -DHAVE_DLFCN_H=1 -DLT_OBJDIR=\".libs/\"'
DEPDIR='.deps'
DLLTOOL='false'
DSYMUTIL='dsymutil'
DUMPBIN=''
ECHO_C='\c'
ECHO_N=''
ECHO_T=''
EGREP='/usr/bin/grep -E'
EXEEXT=''
FGREP='/usr/bin/grep -F'
GREP='/usr/bin/grep'
INSTALL_DATA='${INSTALL} -m 644'
INSTALL_PROGRAM='${INSTALL}'
INSTALL_SCRIPT='${INSTALL}'
INSTALL_STRIP_PROGRAM='$(install_sh) -c -s'
LD='/Applications/Xcode.app/Contents/Developer/Toolchains/XcodeDefault.xctoolchain/usr/bin/ld'
LDFLAGS=''
LIBOBJS=''
LIBS=''
LIBTOOL='$(SHELL) $(top_builddir)/libtool'
LIBUSB_CFLAGS='-I/usr/local/Cellar/libusb/1.0.9/include/libusb-1.0 '
LIBUSB_LIBS='-L/usr/local/Cellar/libusb/1.0.9/lib -lusb-1.0 '
LIPO='lipo'
LN_S='ln -s'
LTLIBOBJS=''
MAKEINFO='${SHELL} /Users/ebenoist/libblinkstick/missing makeinfo'
MANIFEST_TOOL=':'
MKDIR_P='./install-sh -c -d'
NAME='blinkstick'
NM='/usr/bin/nm'
NMEDIT='nmedit'
OBJDUMP='false'
OBJEXT='o'
OTOOL64=':'
OTOOL='otool'
PACKAGE='libblinkstick'
PACKAGE_BUGREPORT='ebenoist@gmail.com'
PACKAGE_NAME='libblinkstick'
PACKAGE_STRING='libblinkstick 0.1'
PACKAGE_TARNAME='libblinkstick'
PACKAGE_URL=''
PACKAGE_VERSION='0.1'
PATH_SEPARATOR=':'
PKG_CONFIG='/usr/local/bin/pkg-config'
PKG_CONFIG_LIBDIR=''
PKG_CONFIG_PATH=''
RANLIB='ranlib'
SED='/usr/bin/sed'
SET_MAKE=''
SHELL='/bin/sh'
SO_VERSION='0:1:0'
STRIP='strip'
VERSION='0.1'
ac_ct_AR='ar'
ac_ct_CC='gcc'
ac_ct_DUMPBIN=''
am__EXEEXT_FALSE=''
am__EXEEXT_TRUE='#'
am__fastdepCC_FALSE='#'
am__fastdepCC_TRUE=''
am__include='include'
am__isrc=''
am__leading_dot='.'
am__nodep='_no'
am__quote=''
am__tar='$${TAR-tar} chof - "$$tardir"'
am__untar='$${TAR-tar} xf -'
bindir='${exec_prefix}/bin'
build='x86_64-apple-darwin13.0.0'
build_alias=''
build_cpu='x86_64'
build_os='darwin13.0.0'
build_vendor='apple'
datadir='${datarootdir}'
datarootdir='${prefix}/share'
docdir='${datarootdir}/doc/${PACKAGE_TARNAME}'
dvidir='${docdir}'
exec_prefix='${prefix}'
host='x86_64-apple-darwin13.0.0'
host_alias=''
host_cpu='x86_64'
host_os='darwin13.0.0'
host_vendor='apple'
htmldir='${docdir}'
includedir='${prefix}/include'
infodir='${datarootdir}/info'
install_sh='${SHELL} /Users/ebenoist/libblinkstick/install-sh'
libdir='${exec_prefix}/lib'
libexecdir='${exec_prefix}/libexec'
localedir='${datarootdir}/locale'
localstatedir='${prefix}/var'
mandir='${datarootdir}/man'
mkdir_p='$(MKDIR_P)'
oldincludedir='/usr/include'
pdfdir='${docdir}'
prefix='/usr/local'
program_transform_name='s,x,x,'
psdir='${docdir}'
sbindir='${exec_prefix}/sbin'
sharedstatedir='${prefix}/com'
sysconfdir='${prefix}/etc'
target_alias=''

## ----------- ##
## confdefs.h. ##
## ----------- ##

/* confdefs.h */
#define PACKAGE_NAME "libblinkstick"
#define PACKAGE_TARNAME "libblinkstick"
#define PACKAGE_VERSION "0.1"
#define PACKAGE_STRING "libblinkstick 0.1"
#define PACKAGE_BUGREPORT "ebenoist@gmail.com"
#define PACKAGE_URL ""
#define PACKAGE "libblinkstick"
#define VERSION "0.1"
#define STDC_HEADERS 1
#define HAVE_SYS_TYPES_H 1
#define HAVE_SYS_STAT_H 1
#define HAVE_STDLIB_H 1
#define HAVE_STRING_H 1
#define HAVE_MEMORY_H 1
#define HAVE_STRINGS_H 1
#define HAVE_INTTYPES_H 1
#define HAVE_STDINT_H 1
#define HAVE_UNISTD_H 1
#define HAVE_DLFCN_H 1
#define LT_OBJDIR ".libs/"

configure: exit 0

## ---------------------- ##
## Running config.status. ##
## ---------------------- ##

This file was extended by libblinkstick config.status 0.1, which was
generated by GNU Autoconf 2.69.  Invocation command line was

  CONFIG_FILES    = 
  CONFIG_HEADERS  = 
  CONFIG_LINKS    = 
  CONFIG_COMMANDS = 
  $ ./config.status 

on Barley.local

config.status:1013: creating Makefile
config.status:1013: creating src/Makefile
config.status:1013: creating tests/Makefile
config.status:1013: creating libblinkstick-0.1.pc
config.status:1185: executing depfiles commands
config.status:1185: executing libtool commands

## ---------------------- ##
## Running config.status. ##
## ---------------------- ##

This file was extended by libblinkstick config.status 0.1, which was
generated by GNU Autoconf 2.69.  Invocation command line was

  CONFIG_FILES    = 
  CONFIG_HEADERS  = 
  CONFIG_LINKS    = 
  CONFIG_COMMANDS = 
  $ ./config.status tests/Makefile depfiles

on Barley.local

config.status:1013: creating tests/Makefile
config.status:1185: executing depfiles commands

## ---------------------- ##
## Running config.status. ##
## ---------------------- ##

This file was extended by libblinkstick config.status 0.1, which was
generated by GNU Autoconf 2.69.  Invocation command line was

  CONFIG_FILES    = 
  CONFIG_HEADERS  = 
  CONFIG_LINKS    = 
  CONFIG_COMMANDS = 
  $ ./config.status tests/Makefile depfiles

on Barley.local

config.status:1013: creating tests/Makefile
config.status:1185: executing depfiles commands

## ---------------------- ##
## Running config.status. ##
## ---------------------- ##

This file was extended by libblinkstick config.status 0.1, which was
generated by GNU Autoconf 2.69.  Invocation command line was

  CONFIG_FILES    = 
  CONFIG_HEADERS  = 
  CONFIG_LINKS    = 
  CONFIG_COMMANDS = 
  $ ./config.status tests/Makefile depfiles

on Barley.local

config.status:1013: creating tests/Makefile
config.status:1185: executing depfiles commands

## ---------------------- ##
## Running config.status. ##
## ---------------------- ##

This file was extended by libblinkstick config.status 0.1, which was
generated by GNU Autoconf 2.69.  Invocation command line was

  CONFIG_FILES    = 
  CONFIG_HEADERS  = 
  CONFIG_LINKS    = 
  CONFIG_COMMANDS = 
  $ ./config.status tests/Makefile depfiles

on Barley.local

config.status:1013: creating tests/Makefile
config.status:1185: executing depfiles commands

## ---------------------- ##
## Running config.status. ##
## ---------------------- ##

This file was extended by libblinkstick config.status 0.1, which was
generated by GNU Autoconf 2.69.  Invocation command line was

  CONFIG_FILES    = 
  CONFIG_HEADERS  = 
  CONFIG_LINKS    = 
  CONFIG_COMMANDS = 
  $ ./config.status tests/Makefile depfiles

on Barley.local

config.status:1013: creating tests/Makefile
config.status:1185: executing depfiles commands

## ---------------------- ##
## Running config.status. ##
## ---------------------- ##

This file was extended by libblinkstick config.status 0.1, which was
generated by GNU Autoconf 2.69.  Invocation command line was

  CONFIG_FILES    = 
  CONFIG_HEADERS  = 
  CONFIG_LINKS    = 
  CONFIG_COMMANDS = 
  $ ./config.status tests/Makefile depfiles

on Barley.local

config.status:1013: creating tests/Makefile
config.status:1185: executing depfiles commands
